[INFO] - Finding prints...
[INFO] - 0
[INFO] - Search URL: https://www.thingiverse.com/search?q=werewolf&type=things&sort=relevant&page=100
[INFO] - Item found at: https://www.thingiverse.com/thing:3900596
[INFO] - 	Name: Werewolf Hybrid Form Barbarians
[INFO] - 	User: gloomyKi
[INFO] - Getting files...
[INFO] - Found the following files:
[INFO] - 	pose1.stl
[INFO] - 	Downloading pose1.stl
[INFO] - Finding prints...
[INFO] - 0
[INFO] - Search URL: https://www.thingiverse.com/search?q=werewolf&type=things&sort=relevant&page=272
[INFO] - Item found at: https://www.thingiverse.com/thing:2561108
[INFO] - 	Name: Werewolf bust
[INFO] - 	User: JS-Studi
[INFO] - Getting files...
[INFO] - Found the following files:
[INFO] - 	werewolf_bust__by_JS_studio.obj
[INFO] - 	werewolf_bust_by_JS_studio.zip
[INFO] - 	Downloading werewolf_bust__by_JS_studio.obj
[INFO] - 	Downloading werewolf_bust_by_JS_studio.zip
[INFO] - Files downloaded to: JS-Studi\Werewolf_bust
[INFO] - Finding prints...
[INFO] - 0
[INFO] - Search URL: https://www.thingiverse.com/search?q=werewolf&type=things&sort=relevant&page=260
[INFO] - Item found at: https://www.thingiverse.com/thing:3319966
[INFO] - 	Name: 28mm Werewolf miniature for tabletop Rpg
[INFO] - 	User: medima
[INFO] - Getting files...
[INFO] - Found the following files:
[INFO] - 	Werewolf.stl
[INFO] - 	Downloading Werewolf.stl
[INFO] - Files downloaded to: medima\28mm_Werewolf_miniature_for_tabletop_Rpg
[INFO] - Finding prints...
[INFO] - 0
[INFO] - Search URL: https://www.thingiverse.com/search?q=number&type=things&sort=relevant&page=413
[INFO] - Item found at: https://www.thingiverse.com/thing:2030696
[INFO] - 	Name: Dresden's Force Ring
[INFO] - 	User: Tegu878
[INFO] - Getting files...
[INFO] - Found the following files:
[INFO] - 	Force_Ring.stl
[INFO] - 	Downloading Force_Ring.stl
[INFO] - Files downloaded to: Tegu878\Dresden_s_Force_Ring
[INFO] - Finding prints...
[INFO] - 0
[INFO] - Search URL: https://www.thingiverse.com/search?q=number&type=things&sort=relevant&page=485
[INFO] - Finding prints...
[INFO] - 0
[INFO] - Search URL: https://www.thingiverse.com/search?q=number&type=things&sort=relevant&page=378
[INFO] - Finding prints...
[INFO] - 0
[INFO] - Search URL: https://www.thingiverse.com/search?type=things&sort=relevant&page=293
[INFO] - Item found at: https://www.thingiverse.com/thing:4887210
[INFO] - 	Name: Hourglass
[INFO] - 	User: mage
[INFO] - Finding prints...
[INFO] - 0
[INFO] - Search URL: https://www.thingiverse.com/search?type=things&sort=relevant&page=404
[INFO] - Item found at: https://www.thingiverse.com/thing:4889918
[INFO] - 	Name: Gentleman wyze v2 cover
[INFO] - 	User: rexerfur
[INFO] - Getting files...
[INFO] - Found the following files:
[INFO] - 	Gentleman_Wyze_cover.stl
[INFO] - 	Gentleman_Wyze_cover_V2.stl
[INFO] - 	Downloading Gentleman_Wyze_cover.stl
[INFO] - 	Downloading Gentleman_Wyze_cover_V2.stl
[INFO] - Files downloaded to: rexerfur\Gentleman_wyze_v2_cover
[INFO] - Finding prints...
[INFO] - 0
[INFO] - Search URL: https://www.thingiverse.com/search?type=things&sort=relevant&page=154
[INFO] - Item found at: https://www.thingiverse.com/thing:4888776
[INFO] - 	Name: Die Glocke + launch stand+Haunebu
[INFO] - 	User: Matomat
[INFO] - Getting files...
[INFO] - Found the following files:
[INFO] - 	column.stl
[INFO] - 	screw.stl
[INFO] - 	ring_part.stl
[INFO] - 	plate.stl
[INFO] - 	haunbau.stl
[INFO] - 	upper_part.stl
[INFO] - 	middle_part.stl
[INFO] - 	lower_part.stl
[INFO] - 	Downloading column.stl
[INFO] - 	Downloading screw.stl
[INFO] - 	Downloading ring_part.stl
[INFO] - 	Downloading plate.stl
[INFO] - 	Downloading haunbau.stl
[INFO] - 	Downloading upper_part.stl
[INFO] - 	Downloading middle_part.stl
[INFO] - 	Downloading lower_part.stl
[INFO] - Files downloaded to: Matomat\Die_Glocke___launch_stand_Haunebu
[INFO] - Finding prints...
[INFO] - 0
[INFO] - Search URL: https://www.prusaprinters.org/prints?o=random
[INFO] - Item found at: https://www.prusaprinters.org/prints/12693-brent-werder-design-maker-coin
[INFO] - 	Name: Brent Werder Design - Maker Coin
[INFO] - 	User: Brent Werder Design
[INFO] - Getting files...
[INFO] - Found the following files:
[INFO] - 	brentwerdermakercoin1_v2.stl
[INFO] - 	brentwerdermakercoin_v3.stl
[INFO] - 	brentwerdermakercoin2_v2.stl
[INFO] - 	Downloading brentwerdermakercoin1_v2.stl
[INFO] - 	Downloading brentwerdermakercoin_v3.stl
[INFO] - 	Downloading brentwerdermakercoin2_v2.stl
[INFO] - Files downloaded to: Brent_Werder_Design\Brent_Werder_Design_-_Maker_Coin
[INFO] - Finding prints...
[INFO] - 0
[INFO] - Search URL: https://www.prusaprinters.org/prints?o=random
[INFO] - Item found at: https://www.prusaprinters.org/prints/38207-nova-luna-insertorganizer
[INFO] - 	Name: Nova Luna Insert/Organizer
[INFO] - 	User: fuchsr
[INFO] - Getting files...
[INFO] - Found the following files:
[INFO] - 	tokens_pla_210c_03mm_5_2h4m.gcode
[INFO] - 	tiles_pla_210c_03mm_5_6h51m.gcode
[INFO] - 	moon_pla_210c_03mm_5_6h35m.gcode
[INFO] - 	tokens.stl
[INFO] - 	moon.stl
[INFO] - 	tiles.stl
[INFO] - 	tiles1.stl
[INFO] - 	tiles2.stl
[INFO] - 	moon1.stl
[INFO] - 	moon2.stl
[INFO] - 	moon3.stl
[INFO] - 	Downloading tokens_pla_210c_03mm_5_2h4m.gcode
[INFO] - 	Downloading tiles_pla_210c_03mm_5_6h51m.gcode
[INFO] - 	Downloading moon_pla_210c_03mm_5_6h35m.gcode
[INFO] - 	Downloading tokens.stl
[INFO] - 	Downloading moon.stl
[INFO] - 	Downloading tiles.stl
[INFO] - 	Downloading tiles1.stl
[INFO] - 	Downloading tiles2.stl
[INFO] - 	Downloading moon1.stl
[INFO] - 	Downloading moon2.stl
[INFO] - 	Downloading moon3.stl
[INFO] - Files downloaded to: fuchsr\Nova_Luna_Insert_Organizer
[INFO] - Finding prints...
[INFO] - 0
[INFO] - Search URL: https://www.prusaprinters.org/prints?o=random
[INFO] - Item found at: https://www.prusaprinters.org/prints/18845-apple-ipad-pro-cover-129-129-inch
[INFO] - 	Name: Apple iPad Pro Cover 12,9" 12.9 inch
[INFO] - 	User: Phrilten
[INFO] - Getting files...
[INFO] - Found the following files:
[INFO] - 	ipad_cover.stl
[INFO] - 	Downloading ipad_cover.stl
[INFO] - Files downloaded to: Phrilten\Apple_iPad_Pro_Cover_12_9__12_9_inch
[INFO] - Finding prints...
[INFO] - 0
[INFO] - Search URL: https://www.prusaprinters.org/prints?o=random
[INFO] - Item found at: https://www.prusaprinters.org/prints/56964-jesc-hypercube-x-clamp-y-clamp-v10
[INFO] - 	Name: JeSc HyperCube X-Clamp & Y-Clamp v1.0
[INFO] - 	User: JiltedGeek
[INFO] - Getting files...
[INFO] - Found the following files:
[INFO] - 	jesc_hypercube_y-clamp_v10.stl
[INFO] - 	jesc_hypercube_x-clamp_v10.stl
[INFO] - 	Downloading jesc_hypercube_y-clamp_v10.stl
[INFO] - 	Downloading jesc_hypercube_x-clamp_v10.stl
[INFO] - Files downloaded to: JiltedGeek\JeSc_HyperCube_X-Clamp___Y-Clamp_v1_0
[INFO] - Finding prints...
[INFO] - 0
[INFO] - Search URL: https://www.thingiverse.com/search?type=things&sort=relevant&page=296
[INFO] - Item found at: https://www.thingiverse.com/thing:4889824
[INFO] - 	Name: tube cap
[INFO] - 	User: glukofinde
[INFO] - Getting files...
[INFO] - Found the following files:
[INFO] - 	Body1.stl
[INFO] - 	Downloading Body1.stl
[INFO] - Files downloaded to: glukofinde\tube_cap
[INFO] - Finding prints...
[INFO] - 0
[INFO] - Search URL: https://www.prusaprinters.org/prints?o=random
[INFO] - Finding prints...
[INFO] - 0
[INFO] - Search URL: https://www.thingiverse.com/search?type=things&sort=relevant&page=142
[INFO] - Item found at: https://www.thingiverse.com/thing:4882064
[INFO] - 	Name: Top to 5 star nerf flywheel 
[INFO] - 	User: GabrielCrow
[INFO] - Getting files...
[INFO] - Found the following files:
[INFO] - 	5_star_top.stl
[INFO] - 	Downloading 5_star_top.stl
[INFO] - Files downloaded to: GabrielCrow\Top_to_5_star_nerf_flywheel_
[INFO] - Finding prints...
[INFO] - 0
[INFO] - Search URL: https://www.thingiverse.com/search?q=super cow&type=things&sort=relevant&page=247
[INFO] - Item found at: https://www.thingiverse.com/thing:935995
[INFO] - 	Name: Link's House Playset - OOT
[INFO] - 	User: ClassyGoa
[INFO] - Getting files...
[INFO] - Found the following files:
[INFO] - 	Railing_left.STL
[INFO] - 	Link.STL
[INFO] - 	Deck.STL
[INFO] - 	Railing_print2.STL
[INFO] - 	Ladder.STL
[INFO] - 	Window.STL
[INFO] - 	Roof.STL
[INFO] - 	Railing_right.STL
[INFO] - 	Mushroom.STL
[INFO] - 	Vines.STL
[INFO] - 	Cow.STL
[INFO] - 	Tree.STL
[INFO] - 	Downloading Railing_left.STL
[INFO] - 	Downloading Link.STL
[INFO] - 	Downloading Deck.STL
[INFO] - 	Downloading Railing_print2.STL
[INFO] - 	Downloading Ladder.STL
[INFO] - 	Downloading Window.STL
[INFO] - 	Downloading Roof.STL
[INFO] - 	Downloading Railing_right.STL
[INFO] - 	Downloading Mushroom.STL
[INFO] - 	Downloading Vines.STL
[INFO] - 	Downloading Cow.STL
[INFO] - 	Downloading Tree.STL
[INFO] - Files downloaded to: ClassyGoa\Link_s_House_Playset_-_OOT
